<?xml version="1.0" encoding="UTF-8"?>
<!-- Generated by org.testng.reporters.JUnitReportReporter -->
<testsuite skipped="0" hostname="A3375L" name="org.example.flightShoppingTests.AwardMapViewSearch" tests="24" failures="0" timestamp="2023-07-25T17:55:35 IST" time="62.477" errors="0">
  <testcase name="MapViewSearchPrice_NonTopSearch" time="3.912" classname="org.example.flightShoppingTests.AwardMapViewSearch"/>
  <system-out/>
  <testcase name="MapViewSearchPrice_TopSearch" time="2.160" classname="org.example.flightShoppingTests.AwardMapViewSearch"/>
  <system-out/>
  <testcase name="MapViewSearchPrice_TopSearch" time="2.217" classname="org.example.flightShoppingTests.AwardMapViewSearch"/>
  <system-out/>
  <testcase name="MapViewSearchPrice_TopSearch_NoCache" time="2.143" classname="org.example.flightShoppingTests.AwardMapViewSearch"/>
  <system-out/>
  <testcase name="MapViewSearchPrice_NonTopSearch" time="3.700" classname="org.example.flightShoppingTests.AwardMapViewSearch"/>
  <system-out/>
  <testcase name="MapViewSearchPrice_TopSearch" time="2.144" classname="org.example.flightShoppingTests.AwardMapViewSearch"/>
  <system-out/>
  <testcase name="MapViewSearchPrice_TopSearch_NoCache" time="2.162" classname="org.example.flightShoppingTests.AwardMapViewSearch"/>
  <system-out/>
  <testcase name="MapViewSearchPrice_TopSearch" time="2.172" classname="org.example.flightShoppingTests.AwardMapViewSearch"/>
  <system-out/>
  <testcase name="MapViewSearchPrice_LiveSearch" time="2.380" classname="org.example.flightShoppingTests.AwardMapViewSearch"/>
  <system-out/>
  <testcase name="MapViewSearchPrice_TopSearch_NoCache" time="2.141" classname="org.example.flightShoppingTests.AwardMapViewSearch"/>
  <system-out/>
  <testcase name="MapViewSearchPrice_NonTopSearch" time="3.681" classname="org.example.flightShoppingTests.AwardMapViewSearch"/>
  <system-out/>
  <testcase name="MapViewSearchPrice_LiveSearch" time="2.228" classname="org.example.flightShoppingTests.AwardMapViewSearch"/>
  <system-out/>
  <testcase name="MapViewSearchPrice_TopSearch" time="2.169" classname="org.example.flightShoppingTests.AwardMapViewSearch"/>
  <system-out/>
  <testcase name="MapViewSearchPrice_TopSearch" time="2.176" classname="org.example.flightShoppingTests.AwardMapViewSearch"/>
  <system-out/>
  <testcase name="MapViewSearchPrice_TopSearch" time="2.190" classname="org.example.flightShoppingTests.AwardMapViewSearch"/>
  <system-out/>
  <testcase name="MapViewSearchPrice_NonTopSearch" time="3.509" classname="org.example.flightShoppingTests.AwardMapViewSearch"/>
  <system-out/>
  <testcase name="MapViewSearchPrice_TopSearch" time="2.162" classname="org.example.flightShoppingTests.AwardMapViewSearch"/>
  <system-out/>
  <testcase name="MapViewSearchPrice_TopSearch" time="2.136" classname="org.example.flightShoppingTests.AwardMapViewSearch"/>
  <system-out/>
  <testcase name="MapViewSearchPrice_TopSearch" time="2.160" classname="org.example.flightShoppingTests.AwardMapViewSearch"/>
  <system-out/>
  <testcase name="MapViewSearchPrice_TopSearch_NoCache" time="2.222" classname="org.example.flightShoppingTests.AwardMapViewSearch"/>
  <system-out/>
  <testcase name="MapViewSearchPrice_TopSearch" time="2.177" classname="org.example.flightShoppingTests.AwardMapViewSearch"/>
  <system-out/>
  <testcase name="MapViewSearchPrice_LiveSearch" time="6.177" classname="org.example.flightShoppingTests.AwardMapViewSearch"/>
  <system-out/>
  <testcase name="MapViewSearchPrice_LiveSearch" time="2.210" classname="org.example.flightShoppingTests.AwardMapViewSearch"/>
  <system-out/>
  <testcase name="MapViewSearchPrice_TopSearch" time="2.149" classname="org.example.flightShoppingTests.AwardMapViewSearch"/>
  <system-out/>
</testsuite> <!-- org.example.flightShoppingTests.AwardMapViewSearch -->
